# JRE version: Java(TM) SE Runtime Environment (7.0_75-b13) (build 1.7.0_75-b13)
# Java VM: Java HotSpot(TM) Client VM (24.75-b04 mixed mode, sharing windows-x86 )
Heap
 def new generation   total 11136K, used 3440K [0x23c00000, 0x24810000, 0x29150000)
  eden space 9920K,  34% used [0x23c00000, 0x23f55838, 0x245b0000)
  from space 1216K,   2% used [0x246e0000, 0x246e6b48, 0x24810000)
  to   space 1216K,   0% used [0x245b0000, 0x245b0000, 0x246e0000)
 tenured generation   total 50312K, used 43368K [0x29150000, 0x2c272000, 0x33c00000)
   the space 50312K,  86% used [0x29150000, 0x2bbaa0f8, 0x2bbaa200, 0x2c272000)
 compacting perm gen  total 12288K, used 502K [0x33c00000, 0x34800000, 0x37c00000)
   the space 12288K,   4% used [0x33c00000, 0x33c7db88, 0x33c7dc00, 0x34800000)
    ro space 10240K,  44% used [0x37c00000, 0x3807b880, 0x3807ba00, 0x38600000)
    rw space 12288K,  52% used [0x38600000, 0x38c43888, 0x38c43a00, 0x39200000)
GC Heap History (10 events):
Event: 19.054 GC heap before
{Heap before GC invocations=11 (full 1):
 def new generation   total 11136K, used 9920K [0x23c00000, 0x24810000, 0x29150000)
  eden space 9920K, 100% used [0x23c00000, 0x245b0000, 0x245b0000)
  from space 1216K,   0% used [0x245b0000, 0x245b0000, 0x246e0000)
  to   space 1216K,   0% used [0x246e0000, 0x246e0000, 0x24810000)
 tenured generation   total 24608K, used 14763K [0x29150000, 0x2a958000, 0x33c00000)
   the space 24608K,  59% used [0x29150000, 0x29fbaf08, 0x29fbb000, 0x2a958000)
 compacting perm gen  total 12288K, used 335K [0x33c00000, 0x34800000, 0x37c00000)
   the space 12288K,   2% used [0x33c00000, 0x33c53df8, 0x33c53e00, 0x34800000)
    ro space 10240K,  44% used [0x37c00000, 0x3807b880, 0x3807ba00, 0x38600000)
    rw space 12288K,  52% used [0x38600000, 0x38c43888, 0x38c43a00, 0x39200000)
Event: 19.100 GC heap after
Heap after GC invocations=12 (full 1):
 def new generation   total 11136K, used 1216K [0x23c00000, 0x24810000, 0x29150000)
  eden space 9920K,   0% used [0x23c00000, 0x23c00000, 0x245b0000)
  from space 1216K, 100% used [0x246e0000, 0x24810000, 0x24810000)
  to   space 1216K,   0% used [0x245b0000, 0x245b0000, 0x246e0000)
 tenured generation   total 24608K, used 23364K [0x29150000, 0x2a958000, 0x33c00000)
   the space 24608K,  94% used [0x29150000, 0x2a8210c0, 0x2a821200, 0x2a958000)
 compacting perm gen  total 12288K, used 335K [0x33c00000, 0x34800000, 0x37c00000)
   the space 12288K,   2% used [0x33c00000, 0x33c53df8, 0x33c53e00, 0x34800000)
    ro space 10240K,  44% used [0x37c00000, 0x3807b880, 0x3807ba00, 0x38600000)
    rw space 12288K,  52% used [0x38600000, 0x38c43888, 0x38c43a00, 0x39200000)
}
Event: 19.816 GC heap before
{Heap before GC invocations=12 (full 1):
 def new generation   total 11136K, used 11136K [0x23c00000, 0x24810000, 0x29150000)
  eden space 9920K, 100% used [0x23c00000, 0x245b0000, 0x245b0000)
  from space 1216K, 100% used [0x246e0000, 0x24810000, 0x24810000)
  to   space 1216K,   0% used [0x245b0000, 0x245b0000, 0x246e0000)
 tenured generation   total 24608K, used 23364K [0x29150000, 0x2a958000, 0x33c00000)
   the space 24608K,  94% used [0x29150000, 0x2a8210c0, 0x2a821200, 0x2a958000)
 compacting perm gen  total 12288K, used 345K [0x33c00000, 0x34800000, 0x37c00000)
   the space 12288K,   2% used [0x33c00000, 0x33c56528, 0x33c56600, 0x34800000)
    ro space 10240K,  44% used [0x37c00000, 0x3807b880, 0x3807ba00, 0x38600000)
    rw space 12288K,  52% used [0x38600000, 0x38c43888, 0x38c43a00, 0x39200000)
Event: 19.915 GC heap after
Heap after GC invocations=13 (full 2):
 def new generation   total 11136K, used 0K [0x23c00000, 0x24810000, 0x29150000)
  eden space 9920K,   0% used [0x23c00000, 0x23c00000, 0x245b0000)
  from space 1216K,   0% used [0x245b0000, 0x245b0000, 0x246e0000)
  to   space 1216K,   0% used [0x246e0000, 0x246e0000, 0x24810000)
 tenured generation   total 50312K, used 30185K [0x29150000, 0x2c272000, 0x33c00000)
   the space 50312K,  59% used [0x29150000, 0x2aeca6a0, 0x2aeca800, 0x2c272000)
 compacting perm gen  total 12288K, used 345K [0x33c00000, 0x34800000, 0x37c00000)
   the space 12288K,   2% used [0x33c00000, 0x33c56528, 0x33c56600, 0x34800000)
    ro space 10240K,  44% used [0x37c00000, 0x3807b880, 0x3807ba00, 0x38600000)
    rw space 12288K,  52% used [0x38600000, 0x38c43888, 0x38c43a00, 0x39200000)
}
Event: 20.522 GC heap before
{Heap before GC invocations=13 (full 2):
 def new generation   total 11136K, used 9920K [0x23c00000, 0x24810000, 0x29150000)
  eden space 9920K, 100% used [0x23c00000, 0x245b0000, 0x245b0000)
  from space 1216K,   0% used [0x245b0000, 0x245b0000, 0x246e0000)
  to   space 1216K,   0% used [0x246e0000, 0x246e0000, 0x24810000)
 tenured generation   total 50312K, used 30185K [0x29150000, 0x2c272000, 0x33c00000)
   the space 50312K,  59% used [0x29150000, 0x2aeca6a0, 0x2aeca800, 0x2c272000)
 compacting perm gen  total 12288K, used 345K [0x33c00000, 0x34800000, 0x37c00000)
   the space 12288K,   2% used [0x33c00000, 0x33c56528, 0x33c56600, 0x34800000)
    ro space 10240K,  44% used [0x37c00000, 0x3807b880, 0x3807ba00, 0x38600000)
    rw space 12288K,  52% used [0x38600000, 0x38c43888, 0x38c43a00, 0x39200000)
Event: 20.541 GC heap after
Heap after GC invocations=14 (full 2):
 def new generation   total 11136K, used 1215K [0x23c00000, 0x24810000, 0x29150000)
  eden space 9920K,   0% used [0x23c00000, 0x23c00000, 0x245b0000)
  from space 1216K,  99% used [0x246e0000, 0x2480fff8, 0x24810000)
  to   space 1216K,   0% used [0x245b0000, 0x245b0000, 0x246e0000)
 tenured generation   total 50312K, used 38887K [0x29150000, 0x2c272000, 0x33c00000)
   the space 50312K,  77% used [0x29150000, 0x2b749f68, 0x2b74a000, 0x2c272000)
 compacting perm gen  total 12288K, used 345K [0x33c00000, 0x34800000, 0x37c00000)
   the space 12288K,   2% used [0x33c00000, 0x33c56528, 0x33c56600, 0x34800000)
    ro space 10240K,  44% used [0x37c00000, 0x3807b880, 0x3807ba00, 0x38600000)
    rw space 12288K,  52% used [0x38600000, 0x38c43888, 0x38c43a00, 0x39200000)
}
Event: 22.491 GC heap before
{Heap before GC invocations=14 (full 2):
 def new generation   total 11136K, used 11135K [0x23c00000, 0x24810000, 0x29150000)
  eden space 9920K, 100% used [0x23c00000, 0x245b0000, 0x245b0000)
  from space 1216K,  99% used [0x246e0000, 0x2480fff8, 0x24810000)
  to   space 1216K,   0% used [0x245b0000, 0x245b0000, 0x246e0000)
 tenured generation   total 50312K, used 38887K [0x29150000, 0x2c272000, 0x33c00000)
   the space 50312K,  77% used [0x29150000, 0x2b749f68, 0x2b74a000, 0x2c272000)
 compacting perm gen  total 12288K, used 502K [0x33c00000, 0x34800000, 0x37c00000)
   the space 12288K,   4% used [0x33c00000, 0x33c7db78, 0x33c7dc00, 0x34800000)
    ro space 10240K,  44% used [0x37c00000, 0x3807b880, 0x3807ba00, 0x38600000)
    rw space 12288K,  52% used [0x38600000, 0x38c43888, 0x38c43a00, 0x39200000)
Event: 22.501 GC heap after
Heap after GC invocations=15 (full 2):
 def new generation   total 11136K, used 1216K [0x23c00000, 0x24810000, 0x29150000)
  eden space 9920K,   0% used [0x23c00000, 0x23c00000, 0x245b0000)
  from space 1216K, 100% used [0x245b0000, 0x246e0000, 0x246e0000)
  to   space 1216K,   0% used [0x246e0000, 0x246e0000, 0x24810000)
 tenured generation   total 50312K, used 42163K [0x29150000, 0x2c272000, 0x33c00000)
   the space 50312K,  83% used [0x29150000, 0x2ba7cfd0, 0x2ba7d000, 0x2c272000)
 compacting perm gen  total 12288K, used 502K [0x33c00000, 0x34800000, 0x37c00000)
   the space 12288K,   4% used [0x33c00000, 0x33c7db78, 0x33c7dc00, 0x34800000)
    ro space 10240K,  44% used [0x37c00000, 0x3807b880, 0x3807ba00, 0x38600000)
    rw space 12288K,  52% used [0x38600000, 0x38c43888, 0x38c43a00, 0x39200000)
}
Event: 22.628 GC heap before
{Heap before GC invocations=15 (full 2):
 def new generation   total 11136K, used 11136K [0x23c00000, 0x24810000, 0x29150000)
  eden space 9920K, 100% used [0x23c00000, 0x245b0000, 0x245b0000)
  from space 1216K, 100% used [0x245b0000, 0x246e0000, 0x246e0000)
  to   space 1216K,   0% used [0x246e0000, 0x246e0000, 0x24810000)
 tenured generation   total 50312K, used 42163K [0x29150000, 0x2c272000, 0x33c00000)
   the space 50312K,  83% used [0x29150000, 0x2ba7cfd0, 0x2ba7d000, 0x2c272000)
 compacting perm gen  total 12288K, used 502K [0x33c00000, 0x34800000, 0x37c00000)
   the space 12288K,   4% used [0x33c00000, 0x33c7db88, 0x33c7dc00, 0x34800000)
    ro space 10240K,  44% used [0x37c00000, 0x3807b880, 0x3807ba00, 0x38600000)
    rw space 12288K,  52% used [0x38600000, 0x38c43888, 0x38c43a00, 0x39200000)
Event: 22.632 GC heap after
Heap after GC invocations=16 (full 2):
 def new generation   total 11136K, used 26K [0x23c00000, 0x24810000, 0x29150000)
  eden space 9920K,   0% used [0x23c00000, 0x23c00000, 0x245b0000)
  from space 1216K,   2% used [0x246e0000, 0x246e6b48, 0x24810000)
  to   space 1216K,   0% used [0x245b0000, 0x245b0000, 0x246e0000)
 tenured generation   total 50312K, used 43368K [0x29150000, 0x2c272000, 0x33c00000)
   the space 50312K,  86% used [0x29150000, 0x2bbaa0f8, 0x2bbaa200, 0x2c272000)
 compacting perm gen  total 12288K, used 502K [0x33c00000, 0x34800000, 0x37c00000)
   the space 12288K,   4% used [0x33c00000, 0x33c7db88, 0x33c7dc00, 0x34800000)
    ro space 10240K,  44% used [0x37c00000, 0x3807b880, 0x3807ba00, 0x38600000)
    rw space 12288K,  52% used [0x38600000, 0x38c43888, 0x38c43a00, 0x39200000)
}

